\BOOKMARK [1][-]{section.1}{\376\377\000A\000p\000p\000l\000e\000R\000e\000d}{}% 1
\BOOKMARK [2][-]{subsection.1.1}{\376\377\000I\000n\000t\000r\000o\000d\000u\000c\000t\000i\000o\000n}{section.1}% 2
\BOOKMARK [3][-]{subsubsection.1.1.1}{\376\377\000T\000e\000x\000,\000\040\000P\000a\000n\000d\000o\000c}{subsection.1.1}% 3
\BOOKMARK [3][-]{subsubsection.1.1.2}{\376\377\000S\000y\000n\000c\000T\000e\000x\000\040\000f\000e\000a\000t\000u\000r\000e\000s}{subsection.1.1}% 4
\BOOKMARK [2][-]{subsection.1.2}{\376\377\000I\000n\000s\000t\000a\000l\000l\000a\000t\000i\000o\000n}{section.1}% 5
\BOOKMARK [2][-]{subsection.1.3}{\376\377\000I\000n\000v\000o\000c\000a\000t\000i\000o\000n}{section.1}% 6
\BOOKMARK [3][-]{subsubsection.1.3.1}{\376\377\000S\000c\000r\000i\000p\000t\000s}{subsection.1.3}% 7
\BOOKMARK [3][-]{subsubsection.1.3.2}{\376\377\000T\000h\000e\000\040\000A\000p\000p\000l\000e\000R\000e\000d\000\040\000a\000p\000p}{subsection.1.3}% 8
\BOOKMARK [2][-]{subsection.1.4}{\376\377\000E\000d\000i\000t\000i\000n\000g\000\040\000S\000e\000s\000s\000i\000o\000n\000s}{section.1}% 9
\BOOKMARK [2][-]{subsection.1.5}{\376\377\000T\000h\000e\000\040\000E\000d\000i\000t\000i\000n\000g\000\040\000M\000o\000d\000e\000l}{section.1}% 10
\BOOKMARK [2][-]{subsection.1.6}{\376\377\000E\000d\000i\000t\000i\000n\000g\000\040\000C\000o\000m\000m\000a\000n\000d\000s}{section.1}% 11
\BOOKMARK [3][-]{subsubsection.1.6.1}{\376\377\000U\000n\000d\000o\000\040\000a\000n\000d\000\040\000R\000e\000d\000o}{subsection.1.6}% 12
\BOOKMARK [3][-]{subsubsection.1.6.2}{\376\377\000C\000u\000t\000\040\000a\000n\000d\000\040\000P\000a\000s\000t\000e}{subsection.1.6}% 13
\BOOKMARK [3][-]{subsubsection.1.6.3}{\376\377\000F\000i\000n\000d\000\040\000a\000n\000d\000\040\000R\000e\000p\000l\000a\000c\000e\000\040\000\050\000P\000r\000i\000n\000c\000i\000p\000l\000e\000s\000\051}{subsection.1.6}% 14
\BOOKMARK [3][-]{subsubsection.1.6.4}{\376\377\000F\000i\000n\000d\000\040\000a\000n\000d\000\040\000R\000e\000p\000l\000a\000c\000e\000\040\000\050\000T\000e\000c\000h\000n\000i\000q\000u\000e\000\051}{subsection.1.6}% 15
\BOOKMARK [2][-]{subsection.1.7}{\376\377\000I\000n\000d\000e\000n\000t\000a\000t\000i\000o\000n}{section.1}% 16
\BOOKMARK [2][-]{subsection.1.8}{\376\377\000T\000r\000e\000a\000t\000m\000e\000n\000t\000\040\000o\000f\000\040\000t\000h\000e\000\040\000S\000e\000l\000e\000c\000t\000i\000o\000n}{section.1}% 17
\BOOKMARK [3][-]{subsubsection.1.8.1}{\376\377\000A\000b\000b\000r\000e\000v\000i\000a\000t\000i\000o\000n\000s}{subsection.1.8}% 18
\BOOKMARK [2][-]{subsection.1.9}{\376\377\000A\000P\000P\000E\000N\000D\000I\000X\000:\000\040\000B\000i\000n\000d\000i\000n\000g\000s\000\040\000a\000n\000d\000\040\000A\000b\000b\000r\000e\000v\000i\000a\000t\000i\000o\000n\000s}{section.1}% 19
\BOOKMARK [3][-]{subsubsection.1.9.1}{\376\377\000R\000e\000d\000S\000c\000r\000i\000p\000t}{subsection.1.9}% 20
\BOOKMARK [2][-]{subsection.1.10}{\376\377\000A\000P\000P\000E\000N\000D\000I\000X\000:\000\040\000H\000i\000s\000t\000o\000r\000y\000\040\000o\000f\000\040\000A\000p\000p\000l\000e\000R\000e\000d}{section.1}% 21
